<?xml version="1.0" encoding="UTF-8"?>
<testsuites tests="41" failures="0" disabled="0" errors="0" time="0.016" timestamp="2025-08-13T20:42:44.940" name="AllTests">
  <testsuite name="ViewerArgsTest" tests="18" failures="0" disabled="0" skipped="0" errors="0" time="0." timestamp="2025-08-13T20:42:44.941">
    <testcase name="ValidLoadArgument" file="/home/duane/madrona_escape_room/tests/cpp/unit/test_viewer_args.cpp" line="102" status="run" result="completed" time="0." timestamp="2025-08-13T20:42:44.941" classname="ViewerArgsTest" />
    <testcase name="ValidReplayArgument" file="/home/duane/madrona_escape_room/tests/cpp/unit/test_viewer_args.cpp" line="111" status="run" result="completed" time="0." timestamp="2025-08-13T20:42:44.941" classname="ViewerArgsTest" />
    <testcase name="ValidLoadWithRecord" file="/home/duane/madrona_escape_room/tests/cpp/unit/test_viewer_args.cpp" line="120" status="run" result="completed" time="0." timestamp="2025-08-13T20:42:44.941" classname="ViewerArgsTest" />
    <testcase name="InvalidReplayWithRecord" file="/home/duane/madrona_escape_room/tests/cpp/unit/test_viewer_args.cpp" line="132" status="run" result="completed" time="0." timestamp="2025-08-13T20:42:44.941" classname="ViewerArgsTest" />
    <testcase name="InvalidReplayWithLoad" file="/home/duane/madrona_escape_room/tests/cpp/unit/test_viewer_args.cpp" line="144" status="run" result="completed" time="0." timestamp="2025-08-13T20:42:44.941" classname="ViewerArgsTest" />
    <testcase name="DefaultNumWorlds" file="/home/duane/madrona_escape_room/tests/cpp/unit/test_viewer_args.cpp" line="156" status="run" result="completed" time="0." timestamp="2025-08-13T20:42:44.941" classname="ViewerArgsTest" />
    <testcase name="DefaultSeed" file="/home/duane/madrona_escape_room/tests/cpp/unit/test_viewer_args.cpp" line="164" status="run" result="completed" time="0." timestamp="2025-08-13T20:42:44.941" classname="ViewerArgsTest" />
    <testcase name="TrackingOptions" file="/home/duane/madrona_escape_room/tests/cpp/unit/test_viewer_args.cpp" line="173" status="run" result="completed" time="0." timestamp="2025-08-13T20:42:44.941" classname="ViewerArgsTest" />
    <testcase name="TrackingWithFile" file="/home/duane/madrona_escape_room/tests/cpp/unit/test_viewer_args.cpp" line="183" status="run" result="completed" time="0." timestamp="2025-08-13T20:42:44.941" classname="ViewerArgsTest" />
    <testcase name="TrackingWorldAgent" file="/home/duane/madrona_escape_room/tests/cpp/unit/test_viewer_args.cpp" line="193" status="run" result="completed" time="0." timestamp="2025-08-13T20:42:44.941" classname="ViewerArgsTest" />
    <testcase name="CudaOption" file="/home/duane/madrona_escape_room/tests/cpp/unit/test_viewer_args.cpp" line="206" status="run" result="completed" time="0." timestamp="2025-08-13T20:42:44.941" classname="ViewerArgsTest" />
    <testcase name="NumericWorldCount" file="/home/duane/madrona_escape_room/tests/cpp/unit/test_viewer_args.cpp" line="216" status="run" result="completed" time="0." timestamp="2025-08-13T20:42:44.941" classname="ViewerArgsTest" />
    <testcase name="InvalidNumericArgument" file="/home/duane/madrona_escape_room/tests/cpp/unit/test_viewer_args.cpp" line="225" status="run" result="completed" time="0." timestamp="2025-08-13T20:42:44.941" classname="ViewerArgsTest" />
    <testcase name="ShortOptions" file="/home/duane/madrona_escape_room/tests/cpp/unit/test_viewer_args.cpp" line="234" status="run" result="completed" time="0." timestamp="2025-08-13T20:42:44.941" classname="ViewerArgsTest" />
    <testcase name="HelpOption" file="/home/duane/madrona_escape_room/tests/cpp/unit/test_viewer_args.cpp" line="247" status="run" result="completed" time="0." timestamp="2025-08-13T20:42:44.941" classname="ViewerArgsTest" />
    <testcase name="HideMenuOption" file="/home/duane/madrona_escape_room/tests/cpp/unit/test_viewer_args.cpp" line="256" status="run" result="completed" time="0." timestamp="2025-08-13T20:42:44.941" classname="ViewerArgsTest" />
    <testcase name="MissingLoadArgument" file="/home/duane/madrona_escape_room/tests/cpp/unit/test_viewer_args.cpp" line="265" status="run" result="completed" time="0." timestamp="2025-08-13T20:42:44.941" classname="ViewerArgsTest" />
    <testcase name="MissingRecordArgument" file="/home/duane/madrona_escape_room/tests/cpp/unit/test_viewer_args.cpp" line="273" status="run" result="completed" time="0." timestamp="2025-08-13T20:42:44.941" classname="ViewerArgsTest" />
  </testsuite>
  <testsuite name="ViewerLevelLoadingTest" tests="11" failures="0" disabled="0" skipped="0" errors="0" time="0.009" timestamp="2025-08-13T20:42:44.941">
    <testcase name="LoadValidLevelFile" file="/home/duane/madrona_escape_room/tests/cpp/unit/test_viewer_level_loading.cpp" line="18" status="run" result="completed" time="0." timestamp="2025-08-13T20:42:44.941" classname="ViewerLevelLoadingTest" />
    <testcase name="LoadComplexLevelFile" file="/home/duane/madrona_escape_room/tests/cpp/unit/test_viewer_level_loading.cpp" line="32" status="run" result="completed" time="0." timestamp="2025-08-13T20:42:44.941" classname="ViewerLevelLoadingTest" />
    <testcase name="LoadNonExistentFile" file="/home/duane/madrona_escape_room/tests/cpp/unit/test_viewer_level_loading.cpp" line="46" status="run" result="completed" time="0." timestamp="2025-08-13T20:42:44.942" classname="ViewerLevelLoadingTest" />
    <testcase name="LoadCorruptedFile" file="/home/duane/madrona_escape_room/tests/cpp/unit/test_viewer_level_loading.cpp" line="60" status="run" result="completed" time="0." timestamp="2025-08-13T20:42:44.942" classname="ViewerLevelLoadingTest" />
    <testcase name="MultipleWorldsSameLevel" file="/home/duane/madrona_escape_room/tests/cpp/unit/test_viewer_level_loading.cpp" line="79" status="run" result="completed" time="0." timestamp="2025-08-13T20:42:44.942" classname="ViewerLevelLoadingTest" />
    <testcase name="ValidateLevelFileSize" file="/home/duane/madrona_escape_room/tests/cpp/unit/test_viewer_level_loading.cpp" line="97" status="run" result="completed" time="0." timestamp="2025-08-13T20:42:44.942" classname="ViewerLevelLoadingTest" />
    <testcase name="ValidateLevelDimensions" file="/home/duane/madrona_escape_room/tests/cpp/unit/test_viewer_level_loading.cpp" line="108" status="run" result="completed" time="0." timestamp="2025-08-13T20:42:44.942" classname="ViewerLevelLoadingTest" />
    <testcase name="ValidateTileData" file="/home/duane/madrona_escape_room/tests/cpp/unit/test_viewer_level_loading.cpp" line="133" status="run" result="completed" time="0." timestamp="2025-08-13T20:42:44.943" classname="ViewerLevelLoadingTest" />
    <testcase name="LoadLevelForManager" file="/home/duane/madrona_escape_room/tests/cpp/unit/test_viewer_level_loading.cpp" line="153" status="run" result="completed" time="0.006" timestamp="2025-08-13T20:42:44.943" classname="ViewerLevelLoadingTest" />
    <testcase name="CompareLevels" file="/home/duane/madrona_escape_room/tests/cpp/unit/test_viewer_level_loading.cpp" line="173" status="run" result="completed" time="0." timestamp="2025-08-13T20:42:44.950" classname="ViewerLevelLoadingTest" />
    <testcase name="LevelPrecedenceRules" file="/home/duane/madrona_escape_room/tests/cpp/unit/test_viewer_level_loading.cpp" line="197" status="run" result="completed" time="0." timestamp="2025-08-13T20:42:44.950" classname="ViewerLevelLoadingTest" />
  </testsuite>
  <testsuite name="ViewerReplayTest" tests="12" failures="0" disabled="0" skipped="0" errors="0" time="0.006" timestamp="2025-08-13T20:42:44.951">
    <testcase name="ReadReplayMetadata" file="/home/duane/madrona_escape_room/tests/cpp/unit/test_viewer_replay.cpp" line="65" status="run" result="completed" time="0." timestamp="2025-08-13T20:42:44.951" classname="ViewerReplayTest" />
    <testcase name="ExtractEmbeddedLevel" file="/home/duane/madrona_escape_room/tests/cpp/unit/test_viewer_replay.cpp" line="78" status="run" result="completed" time="0." timestamp="2025-08-13T20:42:44.951" classname="ViewerReplayTest" />
    <testcase name="ValidateWorldCount" file="/home/duane/madrona_escape_room/tests/cpp/unit/test_viewer_replay.cpp" line="91" status="run" result="completed" time="0." timestamp="2025-08-13T20:42:44.951" classname="ViewerReplayTest" />
    <testcase name="ExtractSeedFromReplay" file="/home/duane/madrona_escape_room/tests/cpp/unit/test_viewer_replay.cpp" line="110" status="run" result="completed" time="0." timestamp="2025-08-13T20:42:44.951" classname="ViewerReplayTest" />
    <testcase name="HandleInvalidReplayFile" file="/home/duane/madrona_escape_room/tests/cpp/unit/test_viewer_replay.cpp" line="122" status="run" result="completed" time="0." timestamp="2025-08-13T20:42:44.952" classname="ViewerReplayTest" />
    <testcase name="HandleNonExistentReplayFile" file="/home/duane/madrona_escape_room/tests/cpp/unit/test_viewer_replay.cpp" line="137" status="run" result="completed" time="0." timestamp="2025-08-13T20:42:44.952" classname="ViewerReplayTest" />
    <testcase name="RoundTripWithTrajectoryTracking" file="/home/duane/madrona_escape_room/tests/cpp/unit/test_viewer_replay.cpp" line="148" status="run" result="completed" time="0." timestamp="2025-08-13T20:42:44.952" classname="ViewerReplayTest" />
    <testcase name="DeterministicReplay" file="/home/duane/madrona_escape_room/tests/cpp/unit/test_viewer_replay.cpp" line="171" status="run" result="completed" time="0.001" timestamp="2025-08-13T20:42:44.953" classname="ViewerReplayTest" />
    <testcase name="ReplayMultipleWorlds" file="/home/duane/madrona_escape_room/tests/cpp/unit/test_viewer_replay.cpp" line="209" status="run" result="completed" time="0.001" timestamp="2025-08-13T20:42:44.954" classname="ViewerReplayTest" />
    <testcase name="EmbeddedLevelMatchesOriginal" file="/home/duane/madrona_escape_room/tests/cpp/unit/test_viewer_replay.cpp" line="229" status="run" result="completed" time="0." timestamp="2025-08-13T20:42:44.956" classname="ViewerReplayTest" />
    <testcase name="ValidateReplayFileSize" file="/home/duane/madrona_escape_room/tests/cpp/unit/test_viewer_replay.cpp" line="266" status="run" result="completed" time="0." timestamp="2025-08-13T20:42:44.956" classname="ViewerReplayTest" />
    <testcase name="ParseTrajectoryFormat" file="/home/duane/madrona_escape_room/tests/cpp/unit/test_viewer_replay.cpp" line="284" status="run" result="completed" time="0." timestamp="2025-08-13T20:42:44.957" classname="ViewerReplayTest" />
  </testsuite>
</testsuites>
