<?xml version="1.0" encoding="UTF-8"?>
<testsuites tests="17" failures="0" disabled="0" errors="0" time="0.089" timestamp="2025-08-13T20:42:36.517" name="AllTests">
  <testsuite name="CApiCPUTest" tests="11" failures="0" disabled="0" skipped="0" errors="0" time="0.055" timestamp="2025-08-13T20:42:36.517">
    <testcase name="ManagerCreation" file="/home/duane/madrona_escape_room/tests/cpp/unit/test_c_api_cpu.cpp" line="15" status="run" result="completed" time="0.004" timestamp="2025-08-13T20:42:36.517" classname="CApiCPUTest" />
    <testcase name="ManagerCreationWithLoadedLevels" file="/home/duane/madrona_escape_room/tests/cpp/unit/test_c_api_cpu.cpp" line="23" status="run" result="completed" time="0.006" timestamp="2025-08-13T20:42:36.522" classname="CApiCPUTest" />
    <testcase name="ManagerCreationWithCustomLevels" file="/home/duane/madrona_escape_room/tests/cpp/unit/test_c_api_cpu.cpp" line="39" status="run" result="completed" time="0.004" timestamp="2025-08-13T20:42:36.528" classname="CApiCPUTest" />
    <testcase name="LevelLoading" file="/home/duane/madrona_escape_room/tests/cpp/unit/test_c_api_cpu.cpp" line="46" status="run" result="completed" time="0.005" timestamp="2025-08-13T20:42:36.533" classname="CApiCPUTest" />
    <testcase name="TensorAccess" file="/home/duane/madrona_escape_room/tests/cpp/unit/test_c_api_cpu.cpp" line="63" status="run" result="completed" time="0.004" timestamp="2025-08-13T20:42:36.538" classname="CApiCPUTest" />
    <testcase name="AllTensorGetters" file="/home/duane/madrona_escape_room/tests/cpp/unit/test_c_api_cpu.cpp" line="81" status="run" result="completed" time="0.005" timestamp="2025-08-13T20:42:36.543" classname="CApiCPUTest" />
    <testcase name="SimulationStep" file="/home/duane/madrona_escape_room/tests/cpp/unit/test_c_api_cpu.cpp" line="119" status="run" result="completed" time="0.004" timestamp="2025-08-13T20:42:36.548" classname="CApiCPUTest" />
    <testcase name="MultipleSteps" file="/home/duane/madrona_escape_room/tests/cpp/unit/test_c_api_cpu.cpp" line="129" status="run" result="completed" time="0.005" timestamp="2025-08-13T20:42:36.553" classname="CApiCPUTest" />
    <testcase name="NullHandleError" file="/home/duane/madrona_escape_room/tests/cpp/unit/test_c_api_cpu.cpp" line="163" status="run" result="completed" time="0." timestamp="2025-08-13T20:42:36.559" classname="CApiCPUTest" />
    <testcase name="NullTensorError" file="/home/duane/madrona_escape_room/tests/cpp/unit/test_c_api_cpu.cpp" line="169" status="run" result="completed" time="0.004" timestamp="2025-08-13T20:42:36.559" classname="CApiCPUTest" />
    <testcase name="ManagerRecreation" file="/home/duane/madrona_escape_room/tests/cpp/unit/test_c_api_cpu.cpp" line="177" status="run" result="completed" time="0.008" timestamp="2025-08-13T20:42:36.563" classname="CApiCPUTest" />
  </testsuite>
  <testsuite name="WorldCounts/CApiCPUWorldCountTest" tests="6" failures="0" disabled="0" skipped="0" errors="0" time="0.034" timestamp="2025-08-13T20:42:36.572">
    <testcase name="VariousWorldCounts/0" value_param="1" file="/home/duane/madrona_escape_room/tests/cpp/unit/test_c_api_cpu.cpp" line="143" status="run" result="completed" time="0.003" timestamp="2025-08-13T20:42:36.572" classname="WorldCounts/CApiCPUWorldCountTest" />
    <testcase name="VariousWorldCounts/1" value_param="2" file="/home/duane/madrona_escape_room/tests/cpp/unit/test_c_api_cpu.cpp" line="143" status="run" result="completed" time="0.004" timestamp="2025-08-13T20:42:36.575" classname="WorldCounts/CApiCPUWorldCountTest" />
    <testcase name="VariousWorldCounts/2" value_param="4" file="/home/duane/madrona_escape_room/tests/cpp/unit/test_c_api_cpu.cpp" line="143" status="run" result="completed" time="0.004" timestamp="2025-08-13T20:42:36.580" classname="WorldCounts/CApiCPUWorldCountTest" />
    <testcase name="VariousWorldCounts/3" value_param="8" file="/home/duane/madrona_escape_room/tests/cpp/unit/test_c_api_cpu.cpp" line="143" status="run" result="completed" time="0.004" timestamp="2025-08-13T20:42:36.584" classname="WorldCounts/CApiCPUWorldCountTest" />
    <testcase name="VariousWorldCounts/4" value_param="16" file="/home/duane/madrona_escape_room/tests/cpp/unit/test_c_api_cpu.cpp" line="143" status="run" result="completed" time="0.006" timestamp="2025-08-13T20:42:36.588" classname="WorldCounts/CApiCPUWorldCountTest" />
    <testcase name="VariousWorldCounts/5" value_param="32" file="/home/duane/madrona_escape_room/tests/cpp/unit/test_c_api_cpu.cpp" line="143" status="run" result="completed" time="0.011" timestamp="2025-08-13T20:42:36.595" classname="WorldCounts/CApiCPUWorldCountTest" />
  </testsuite>
</testsuites>
