<?xml version="1.0" encoding="UTF-8"?>
<testsuites tests="15" failures="0" disabled="0" errors="0" time="0." timestamp="2025-08-15T20:51:00.420" name="AllTests">
  <testsuite name="CApiGPUTest" tests="9" failures="0" disabled="0" skipped="9" errors="0" time="0." timestamp="2025-08-15T20:51:00.420">
    <testcase name="ManagerCreation" file="/home/duane/madrona_escape_room/tests/cpp/unit/test_c_api_gpu.cpp" line="9" status="run" result="skipped" time="0." timestamp="2025-08-15T20:51:00.420" classname="CApiGPUTest">
      <skipped message="/home/duane/madrona_escape_room/tests/cpp/fixtures/test_base.hpp:100&#x0A;GPU tests disabled in main suite due to one-GPU-manager-per-process limitation.&#x0A;Run with ALLOW_GPU_TESTS_IN_SUITE=1 or use ./tests/run_gpu_tests_isolated.sh&#x0A;"><![CDATA[/home/duane/madrona_escape_room/tests/cpp/fixtures/test_base.hpp:100
GPU tests disabled in main suite due to one-GPU-manager-per-process limitation.
Run with ALLOW_GPU_TESTS_IN_SUITE=1 or use ./tests/run_gpu_tests_isolated.sh
]]></skipped>
    </testcase>
    <testcase name="ManagerCreationWithEmbeddedLevels" file="/home/duane/madrona_escape_room/tests/cpp/unit/test_c_api_gpu.cpp" line="16" status="run" result="skipped" time="0." timestamp="2025-08-15T20:51:00.420" classname="CApiGPUTest">
      <skipped message="/home/duane/madrona_escape_room/tests/cpp/fixtures/test_base.hpp:100&#x0A;GPU tests disabled in main suite due to one-GPU-manager-per-process limitation.&#x0A;Run with ALLOW_GPU_TESTS_IN_SUITE=1 or use ./tests/run_gpu_tests_isolated.sh&#x0A;"><![CDATA[/home/duane/madrona_escape_room/tests/cpp/fixtures/test_base.hpp:100
GPU tests disabled in main suite due to one-GPU-manager-per-process limitation.
Run with ALLOW_GPU_TESTS_IN_SUITE=1 or use ./tests/run_gpu_tests_isolated.sh
]]></skipped>
    </testcase>
    <testcase name="GPUTensorProperties" file="/home/duane/madrona_escape_room/tests/cpp/unit/test_c_api_gpu.cpp" line="23" status="run" result="skipped" time="0." timestamp="2025-08-15T20:51:00.420" classname="CApiGPUTest">
      <skipped message="/home/duane/madrona_escape_room/tests/cpp/fixtures/test_base.hpp:100&#x0A;GPU tests disabled in main suite due to one-GPU-manager-per-process limitation.&#x0A;Run with ALLOW_GPU_TESTS_IN_SUITE=1 or use ./tests/run_gpu_tests_isolated.sh&#x0A;"><![CDATA[/home/duane/madrona_escape_room/tests/cpp/fixtures/test_base.hpp:100
GPU tests disabled in main suite due to one-GPU-manager-per-process limitation.
Run with ALLOW_GPU_TESTS_IN_SUITE=1 or use ./tests/run_gpu_tests_isolated.sh
]]></skipped>
    </testcase>
    <testcase name="AllGPUTensorGetters" file="/home/duane/madrona_escape_room/tests/cpp/unit/test_c_api_gpu.cpp" line="40" status="run" result="skipped" time="0." timestamp="2025-08-15T20:51:00.420" classname="CApiGPUTest">
      <skipped message="/home/duane/madrona_escape_room/tests/cpp/fixtures/test_base.hpp:100&#x0A;GPU tests disabled in main suite due to one-GPU-manager-per-process limitation.&#x0A;Run with ALLOW_GPU_TESTS_IN_SUITE=1 or use ./tests/run_gpu_tests_isolated.sh&#x0A;"><![CDATA[/home/duane/madrona_escape_room/tests/cpp/fixtures/test_base.hpp:100
GPU tests disabled in main suite due to one-GPU-manager-per-process limitation.
Run with ALLOW_GPU_TESTS_IN_SUITE=1 or use ./tests/run_gpu_tests_isolated.sh
]]></skipped>
    </testcase>
    <testcase name="SimulationStep" file="/home/duane/madrona_escape_room/tests/cpp/unit/test_c_api_gpu.cpp" line="78" status="run" result="skipped" time="0." timestamp="2025-08-15T20:51:00.420" classname="CApiGPUTest">
      <skipped message="/home/duane/madrona_escape_room/tests/cpp/fixtures/test_base.hpp:100&#x0A;GPU tests disabled in main suite due to one-GPU-manager-per-process limitation.&#x0A;Run with ALLOW_GPU_TESTS_IN_SUITE=1 or use ./tests/run_gpu_tests_isolated.sh&#x0A;"><![CDATA[/home/duane/madrona_escape_room/tests/cpp/fixtures/test_base.hpp:100
GPU tests disabled in main suite due to one-GPU-manager-per-process limitation.
Run with ALLOW_GPU_TESTS_IN_SUITE=1 or use ./tests/run_gpu_tests_isolated.sh
]]></skipped>
    </testcase>
    <testcase name="MultipleSteps" file="/home/duane/madrona_escape_room/tests/cpp/unit/test_c_api_gpu.cpp" line="88" status="run" result="skipped" time="0." timestamp="2025-08-15T20:51:00.420" classname="CApiGPUTest">
      <skipped message="/home/duane/madrona_escape_room/tests/cpp/fixtures/test_base.hpp:100&#x0A;GPU tests disabled in main suite due to one-GPU-manager-per-process limitation.&#x0A;Run with ALLOW_GPU_TESTS_IN_SUITE=1 or use ./tests/run_gpu_tests_isolated.sh&#x0A;"><![CDATA[/home/duane/madrona_escape_room/tests/cpp/fixtures/test_base.hpp:100
GPU tests disabled in main suite due to one-GPU-manager-per-process limitation.
Run with ALLOW_GPU_TESTS_IN_SUITE=1 or use ./tests/run_gpu_tests_isolated.sh
]]></skipped>
    </testcase>
    <testcase name="LargeWorldCount" file="/home/duane/madrona_escape_room/tests/cpp/unit/test_c_api_gpu.cpp" line="100" status="run" result="skipped" time="0." timestamp="2025-08-15T20:51:00.420" classname="CApiGPUTest">
      <skipped message="/home/duane/madrona_escape_room/tests/cpp/fixtures/test_base.hpp:100&#x0A;GPU tests disabled in main suite due to one-GPU-manager-per-process limitation.&#x0A;Run with ALLOW_GPU_TESTS_IN_SUITE=1 or use ./tests/run_gpu_tests_isolated.sh&#x0A;"><![CDATA[/home/duane/madrona_escape_room/tests/cpp/fixtures/test_base.hpp:100
GPU tests disabled in main suite due to one-GPU-manager-per-process limitation.
Run with ALLOW_GPU_TESTS_IN_SUITE=1 or use ./tests/run_gpu_tests_isolated.sh
]]></skipped>
    </testcase>
    <testcase name="InvalidGPUDevice" file="/home/duane/madrona_escape_room/tests/cpp/unit/test_c_api_gpu.cpp" line="152" status="run" result="skipped" time="0." timestamp="2025-08-15T20:51:00.420" classname="CApiGPUTest">
      <skipped message="/home/duane/madrona_escape_room/tests/cpp/fixtures/test_base.hpp:100&#x0A;GPU tests disabled in main suite due to one-GPU-manager-per-process limitation.&#x0A;Run with ALLOW_GPU_TESTS_IN_SUITE=1 or use ./tests/run_gpu_tests_isolated.sh&#x0A;"><![CDATA[/home/duane/madrona_escape_room/tests/cpp/fixtures/test_base.hpp:100
GPU tests disabled in main suite due to one-GPU-manager-per-process limitation.
Run with ALLOW_GPU_TESTS_IN_SUITE=1 or use ./tests/run_gpu_tests_isolated.sh
]]></skipped>
    </testcase>
    <testcase name="GPUMemoryStress" file="/home/duane/madrona_escape_room/tests/cpp/unit/test_c_api_gpu.cpp" line="164" status="run" result="skipped" time="0." timestamp="2025-08-15T20:51:00.420" classname="CApiGPUTest">
      <skipped message="/home/duane/madrona_escape_room/tests/cpp/fixtures/test_base.hpp:100&#x0A;GPU tests disabled in main suite due to one-GPU-manager-per-process limitation.&#x0A;Run with ALLOW_GPU_TESTS_IN_SUITE=1 or use ./tests/run_gpu_tests_isolated.sh&#x0A;"><![CDATA[/home/duane/madrona_escape_room/tests/cpp/fixtures/test_base.hpp:100
GPU tests disabled in main suite due to one-GPU-manager-per-process limitation.
Run with ALLOW_GPU_TESTS_IN_SUITE=1 or use ./tests/run_gpu_tests_isolated.sh
]]></skipped>
    </testcase>
  </testsuite>
  <testsuite name="OptionParsingAndFileErrorTest" tests="1" failures="0" disabled="0" skipped="1" errors="0" time="0." timestamp="2025-08-15T20:51:00.420">
    <testcase name="ManagerGPUInitFailure" file="/home/duane/madrona_escape_room/tests/cpp/integration/test_viewer_errors.cpp" line="328" status="run" result="skipped" time="0." timestamp="2025-08-15T20:51:00.420" classname="OptionParsingAndFileErrorTest">
      <skipped message="/home/duane/madrona_escape_room/tests/cpp/integration/test_viewer_errors.cpp:332&#x0A;GPU tests disabled&#x0A;"><![CDATA[/home/duane/madrona_escape_room/tests/cpp/integration/test_viewer_errors.cpp:332
GPU tests disabled
]]></skipped>
    </testcase>
  </testsuite>
  <testsuite name="GPUWorldCounts/CApiGPUWorldCountTest" tests="5" failures="0" disabled="0" skipped="5" errors="0" time="0." timestamp="2025-08-15T20:51:00.420">
    <testcase name="VariousGPUWorldCounts/0" value_param="32" file="/home/duane/madrona_escape_room/tests/cpp/unit/test_c_api_gpu.cpp" line="131" status="run" result="skipped" time="0." timestamp="2025-08-15T20:51:00.420" classname="GPUWorldCounts/CApiGPUWorldCountTest">
      <skipped message="/home/duane/madrona_escape_room/tests/cpp/fixtures/test_base.hpp:100&#x0A;GPU tests disabled in main suite due to one-GPU-manager-per-process limitation.&#x0A;Run with ALLOW_GPU_TESTS_IN_SUITE=1 or use ./tests/run_gpu_tests_isolated.sh&#x0A;"><![CDATA[/home/duane/madrona_escape_room/tests/cpp/fixtures/test_base.hpp:100
GPU tests disabled in main suite due to one-GPU-manager-per-process limitation.
Run with ALLOW_GPU_TESTS_IN_SUITE=1 or use ./tests/run_gpu_tests_isolated.sh
]]></skipped>
    </testcase>
    <testcase name="VariousGPUWorldCounts/1" value_param="64" file="/home/duane/madrona_escape_room/tests/cpp/unit/test_c_api_gpu.cpp" line="131" status="run" result="skipped" time="0." timestamp="2025-08-15T20:51:00.420" classname="GPUWorldCounts/CApiGPUWorldCountTest">
      <skipped message="/home/duane/madrona_escape_room/tests/cpp/fixtures/test_base.hpp:100&#x0A;GPU tests disabled in main suite due to one-GPU-manager-per-process limitation.&#x0A;Run with ALLOW_GPU_TESTS_IN_SUITE=1 or use ./tests/run_gpu_tests_isolated.sh&#x0A;"><![CDATA[/home/duane/madrona_escape_room/tests/cpp/fixtures/test_base.hpp:100
GPU tests disabled in main suite due to one-GPU-manager-per-process limitation.
Run with ALLOW_GPU_TESTS_IN_SUITE=1 or use ./tests/run_gpu_tests_isolated.sh
]]></skipped>
    </testcase>
    <testcase name="VariousGPUWorldCounts/2" value_param="128" file="/home/duane/madrona_escape_room/tests/cpp/unit/test_c_api_gpu.cpp" line="131" status="run" result="skipped" time="0." timestamp="2025-08-15T20:51:00.420" classname="GPUWorldCounts/CApiGPUWorldCountTest">
      <skipped message="/home/duane/madrona_escape_room/tests/cpp/fixtures/test_base.hpp:100&#x0A;GPU tests disabled in main suite due to one-GPU-manager-per-process limitation.&#x0A;Run with ALLOW_GPU_TESTS_IN_SUITE=1 or use ./tests/run_gpu_tests_isolated.sh&#x0A;"><![CDATA[/home/duane/madrona_escape_room/tests/cpp/fixtures/test_base.hpp:100
GPU tests disabled in main suite due to one-GPU-manager-per-process limitation.
Run with ALLOW_GPU_TESTS_IN_SUITE=1 or use ./tests/run_gpu_tests_isolated.sh
]]></skipped>
    </testcase>
    <testcase name="VariousGPUWorldCounts/3" value_param="256" file="/home/duane/madrona_escape_room/tests/cpp/unit/test_c_api_gpu.cpp" line="131" status="run" result="skipped" time="0." timestamp="2025-08-15T20:51:00.420" classname="GPUWorldCounts/CApiGPUWorldCountTest">
      <skipped message="/home/duane/madrona_escape_room/tests/cpp/fixtures/test_base.hpp:100&#x0A;GPU tests disabled in main suite due to one-GPU-manager-per-process limitation.&#x0A;Run with ALLOW_GPU_TESTS_IN_SUITE=1 or use ./tests/run_gpu_tests_isolated.sh&#x0A;"><![CDATA[/home/duane/madrona_escape_room/tests/cpp/fixtures/test_base.hpp:100
GPU tests disabled in main suite due to one-GPU-manager-per-process limitation.
Run with ALLOW_GPU_TESTS_IN_SUITE=1 or use ./tests/run_gpu_tests_isolated.sh
]]></skipped>
    </testcase>
    <testcase name="VariousGPUWorldCounts/4" value_param="512" file="/home/duane/madrona_escape_room/tests/cpp/unit/test_c_api_gpu.cpp" line="131" status="run" result="skipped" time="0." timestamp="2025-08-15T20:51:00.420" classname="GPUWorldCounts/CApiGPUWorldCountTest">
      <skipped message="/home/duane/madrona_escape_room/tests/cpp/fixtures/test_base.hpp:100&#x0A;GPU tests disabled in main suite due to one-GPU-manager-per-process limitation.&#x0A;Run with ALLOW_GPU_TESTS_IN_SUITE=1 or use ./tests/run_gpu_tests_isolated.sh&#x0A;"><![CDATA[/home/duane/madrona_escape_room/tests/cpp/fixtures/test_base.hpp:100
GPU tests disabled in main suite due to one-GPU-manager-per-process limitation.
Run with ALLOW_GPU_TESTS_IN_SUITE=1 or use ./tests/run_gpu_tests_isolated.sh
]]></skipped>
    </testcase>
  </testsuite>
</testsuites>
