<?xml version="1.0" encoding="UTF-8"?>
<testsuites tests="1" failures="1" disabled="0" errors="0" time="0.018" timestamp="2025-08-15T21:37:47.040" name="AllTests">
  <testsuite name="ManagerIntegrationTest" tests="1" failures="1" disabled="0" skipped="0" errors="0" time="0.017" timestamp="2025-08-15T21:37:47.040">
    <testcase name="MockViewerResetInput" file="/home/duane/madrona_escape_room/tests/cpp/integration/test_viewer_integration.cpp" line="255" status="run" result="completed" time="0.017" timestamp="2025-08-15T21:37:47.040" classname="ManagerIntegrationTest">
      <failure message="/home/duane/madrona_escape_room/tests/cpp/integration/test_viewer_integration.cpp:300&#x0A;Expected: (resets.size()) &gt;= (1), actual: 0 vs 1&#x0A;" type=""><![CDATA[/home/duane/madrona_escape_room/tests/cpp/integration/test_viewer_integration.cpp:300
Expected: (resets.size()) >= (1), actual: 0 vs 1
]]></failure>
    </testcase>
  </testsuite>
</testsuites>
